# JRE version: Java(TM) SE Runtime Environment (17.0+35) (build 17+35-LTS-2724)
# Java VM: Java HotSpot(TM) 64-Bit Server VM (17+35-LTS-2724, mixed mode, sharing, tiered, compressed oops, compressed class ptrs, g1 gc, windows-amd64)
GC Precious Log:
 CPUs: 4 total, 4 available
 Memory: 12166M
 Large Page Support: Disabled
 NUMA Support: Disabled
 Compressed Oops: Enabled (Zero based)
 Heap Region Size: 2M
 Heap Min Capacity: 8M
 Heap Initial Capacity: 192M
 Heap Max Capacity: 3042M
 Pre-touch: Disabled
 Parallel Workers: 4
 Concurrent Workers: 1
 Concurrent Refinement Workers: 4
 Periodic GC: Disabled
Heap:
 garbage-first heap   total 184320K, used 87442K [0x0000000741e00000, 0x0000000800000000)
  region size 2048K, 20 young (40960K), 1 survivors (2048K)
 Metaspace       used 32517K, committed 32960K, reserved 1081344K
  class space    used 3885K, committed 4096K, reserved 1048576K
GC Heap History (20 events):
Event: 446.052 GC heap before
{Heap before GC invocations=233 (full 0):
 garbage-first heap   total 184320K, used 154781K [0x0000000741e00000, 0x0000000800000000)
  region size 2048K, 54 young (110592K), 1 survivors (2048K)
 Metaspace       used 32498K, committed 32960K, reserved 1081344K
  class space    used 3885K, committed 4096K, reserved 1048576K
}
Event: 446.052 GC heap after
{Heap after GC invocations=234 (full 0):
 garbage-first heap   total 184320K, used 46240K [0x0000000741e00000, 0x0000000800000000)
  region size 2048K, 1 young (2048K), 1 survivors (2048K)
 Metaspace       used 32498K, committed 32960K, reserved 1081344K
  class space    used 3885K, committed 4096K, reserved 1048576K
}
Event: 446.172 GC heap before
{Heap before GC invocations=234 (full 0):
 garbage-first heap   total 184320K, used 154784K [0x0000000741e00000, 0x0000000800000000)
  region size 2048K, 54 young (110592K), 1 survivors (2048K)
 Metaspace       used 32498K, committed 32960K, reserved 1081344K
  class space    used 3885K, committed 4096K, reserved 1048576K
}
Event: 446.174 GC heap after
{Heap after GC invocations=235 (full 0):
 garbage-first heap   total 184320K, used 46238K [0x0000000741e00000, 0x0000000800000000)
  region size 2048K, 1 young (2048K), 1 survivors (2048K)
 Metaspace       used 32498K, committed 32960K, reserved 1081344K
  class space    used 3885K, committed 4096K, reserved 1048576K
}
Event: 446.306 GC heap before
{Heap before GC invocations=235 (full 0):
 garbage-first heap   total 184320K, used 154782K [0x0000000741e00000, 0x0000000800000000)
  region size 2048K, 54 young (110592K), 1 survivors (2048K)
 Metaspace       used 32498K, committed 32960K, reserved 1081344K
  class space    used 3885K, committed 4096K, reserved 1048576K
}
Event: 446.307 GC heap after
{Heap after GC invocations=236 (full 0):
 garbage-first heap   total 184320K, used 46240K [0x0000000741e00000, 0x0000000800000000)
  region size 2048K, 1 young (2048K), 1 survivors (2048K)
 Metaspace       used 32498K, committed 32960K, reserved 1081344K
  class space    used 3885K, committed 4096K, reserved 1048576K
}
Event: 446.423 GC heap before
{Heap before GC invocations=236 (full 0):
 garbage-first heap   total 184320K, used 154784K [0x0000000741e00000, 0x0000000800000000)
  region size 2048K, 54 young (110592K), 1 survivors (2048K)
 Metaspace       used 32498K, committed 32960K, reserved 1081344K
  class space    used 3885K, committed 4096K, reserved 1048576K
}
Event: 446.424 GC heap after
{Heap after GC invocations=237 (full 0):
 garbage-first heap   total 184320K, used 46240K [0x0000000741e00000, 0x0000000800000000)
  region size 2048K, 1 young (2048K), 1 survivors (2048K)
 Metaspace       used 32498K, committed 32960K, reserved 1081344K
  class space    used 3885K, committed 4096K, reserved 1048576K
}
Event: 446.580 GC heap before
{Heap before GC invocations=237 (full 0):
 garbage-first heap   total 184320K, used 154784K [0x0000000741e00000, 0x0000000800000000)
  region size 2048K, 54 young (110592K), 1 survivors (2048K)
 Metaspace       used 32498K, committed 32960K, reserved 1081344K
  class space    used 3885K, committed 4096K, reserved 1048576K
}
Event: 446.580 GC heap after
{Heap after GC invocations=238 (full 0):
 garbage-first heap   total 184320K, used 46240K [0x0000000741e00000, 0x0000000800000000)
  region size 2048K, 1 young (2048K), 1 survivors (2048K)
 Metaspace       used 32498K, committed 32960K, reserved 1081344K
  class space    used 3885K, committed 4096K, reserved 1048576K
}
Event: 446.662 GC heap before
{Heap before GC invocations=238 (full 0):
 garbage-first heap   total 184320K, used 154784K [0x0000000741e00000, 0x0000000800000000)
  region size 2048K, 54 young (110592K), 1 survivors (2048K)
 Metaspace       used 32498K, committed 32960K, reserved 1081344K
  class space    used 3885K, committed 4096K, reserved 1048576K
}
Event: 446.662 GC heap after
{Heap after GC invocations=239 (full 0):
 garbage-first heap   total 184320K, used 46240K [0x0000000741e00000, 0x0000000800000000)
  region size 2048K, 1 young (2048K), 1 survivors (2048K)
 Metaspace       used 32498K, committed 32960K, reserved 1081344K
  class space    used 3885K, committed 4096K, reserved 1048576K
}
Event: 446.780 GC heap before
{Heap before GC invocations=239 (full 0):
 garbage-first heap   total 184320K, used 154784K [0x0000000741e00000, 0x0000000800000000)
  region size 2048K, 54 young (110592K), 1 survivors (2048K)
 Metaspace       used 32498K, committed 32960K, reserved 1081344K
  class space    used 3885K, committed 4096K, reserved 1048576K
}
Event: 446.781 GC heap after
{Heap after GC invocations=240 (full 0):
 garbage-first heap   total 184320K, used 46240K [0x0000000741e00000, 0x0000000800000000)
  region size 2048K, 1 young (2048K), 1 survivors (2048K)
 Metaspace       used 32498K, committed 32960K, reserved 1081344K
  class space    used 3885K, committed 4096K, reserved 1048576K
}
Event: 451.191 GC heap before
{Heap before GC invocations=240 (full 0):
 garbage-first heap   total 184320K, used 154784K [0x0000000741e00000, 0x0000000800000000)
  region size 2048K, 54 young (110592K), 1 survivors (2048K)
 Metaspace       used 32499K, committed 32960K, reserved 1081344K
  class space    used 3885K, committed 4096K, reserved 1048576K
}
Event: 451.192 GC heap after
{Heap after GC invocations=241 (full 0):
 garbage-first heap   total 184320K, used 46262K [0x0000000741e00000, 0x0000000800000000)
  region size 2048K, 1 young (2048K), 1 survivors (2048K)
 Metaspace       used 32499K, committed 32960K, reserved 1081344K
  class space    used 3885K, committed 4096K, reserved 1048576K
}
Event: 460.950 GC heap before
{Heap before GC invocations=241 (full 0):
 garbage-first heap   total 184320K, used 154806K [0x0000000741e00000, 0x0000000800000000)
  region size 2048K, 54 young (110592K), 1 survivors (2048K)
 Metaspace       used 32514K, committed 32960K, reserved 1081344K
  class space    used 3885K, committed 4096K, reserved 1048576K
}
Event: 460.951 GC heap after
{Heap after GC invocations=242 (full 0):
 garbage-first heap   total 184320K, used 46381K [0x0000000741e00000, 0x0000000800000000)
  region size 2048K, 1 young (2048K), 1 survivors (2048K)
 Metaspace       used 32514K, committed 32960K, reserved 1081344K
  class space    used 3885K, committed 4096K, reserved 1048576K
}
Event: 467.786 GC heap before
{Heap before GC invocations=242 (full 0):
 garbage-first heap   total 184320K, used 156973K [0x0000000741e00000, 0x0000000800000000)
  region size 2048K, 54 young (110592K), 1 survivors (2048K)
 Metaspace       used 32515K, committed 32960K, reserved 1081344K
  class space    used 3885K, committed 4096K, reserved 1048576K
}
Event: 467.787 GC heap after
{Heap after GC invocations=243 (full 0):
 garbage-first heap   total 184320K, used 48530K [0x0000000741e00000, 0x0000000800000000)
  region size 2048K, 1 young (2048K), 1 survivors (2048K)
 Metaspace       used 32515K, committed 32960K, reserved 1081344K
  class space    used 3885K, committed 4096K, reserved 1048576K
}

